<?xml version="1.0" encoding="UTF-8"?>
<!-- Generated by org.testng.reporters.JUnitReportReporter -->
<testsuite hostname="DESKTOP-3V8HRHP" failures="0" tests="4" name="azureDevops.LoginPageTest" time="23.830" errors="0" timestamp="2024-09-06T15:21:50 IST" skipped="0">
  <testcase classname="azureDevops.LoginPageTest" name="testLoginPageLoad" time="4.016"/>
  <system-out/>
  <testcase classname="azureDevops.LoginPageTest" name="testLoginPageElementsPresence" time="5.405"/>
  <system-out/>
  <testcase classname="azureDevops.LoginPageTest" name="testSuccessfulLogin" time="9.626"/>
  <system-out/>
  <testcase classname="azureDevops.LoginPageTest" name="testInvalidLogin" time="4.783"/>
  <system-out/>
</testsuite> <!-- azureDevops.LoginPageTest -->
